<?xml version="1.0" encoding="UTF-8"?>
<testsuite xmlns:xsi="http://www.w3.org/2001/XMLSchema-instance" xsi:noNamespaceSchemaLocation="https://maven.apache.org/surefire/maven-surefire-plugin/xsd/surefire-test-report-3.0.xsd" version="3.0" name="com.mycompany.chatapp.MessageTest" time="0.122" tests="13" errors="0" skipped="0" failures="1">
  <properties>
[...]
</properties>
  <testcase name="testCheckMessageLength_validMessage_returnSuccess" classname="com.mycompany.chatapp.MessageTest" time="0.027"/>
  <testcase name="testCheckMessageID_generatedID_isExactly10Chars" classname="com.mycompany.chatapp.MessageTest" time="0.021">
    <failure message="expected: &lt;true&gt; but was: &lt;false&gt;" type="org.opentest4j.AssertionFailedError"><![CDATA[org.opentest4j.AssertionFailedError: expected: <true> but was: <false>
	at org.junit.jupiter.api.AssertionFailureBuilder.build(AssertionFailureBuilder.java:151)
	at org.junit.jupiter.api.AssertionFailureBuilder.buildAndThrow(AssertionFailureBuilder.java:132)
	at org.junit.jupiter.api.AssertTrue.failNotTrue(AssertTrue.java:63)
	at org.junit.jupiter.api.AssertTrue.assertTrue(AssertTrue.java:36)
	at org.junit.jupiter.api.AssertTrue.assertTrue(AssertTrue.java:31)
	at org.junit.jupiter.api.Assertions.assertTrue(Assertions.java:183)
	at com.mycompany.chatapp.MessageTest.testCheckMessageID_generatedID_isExactly10Chars(MessageTest.java:83)
	at java.base/java.lang.reflect.Method.invoke(Method.java:580)
]]></failure>
  </testcase>
  <testcase name="testCheckRecipientCell_validNumber_returnsSuccess" classname="com.mycompany.chatapp.MessageTest" time="0.003"/>
  <testcase name="testCreateMessageHash_multipleMessages_loopTest" classname="com.mycompany.chatapp.MessageTest" time="0.002"/>
  <testcase name="testCheckRecipientCell_invalidNumber_returnsFailure" classname="com.mycompany.chatapp.MessageTest" time="0.002"/>
  <testcase name="testCreateMessageHash_isUppercase" classname="com.mycompany.chatapp.MessageTest" time="0.002"/>
  <testcase name="testSentMessage_userSelectsDisregard_returnsCorrectString" classname="com.mycompany.chatapp.MessageTest" time="0.002"/>
  <testcase name="testCheckMessageID_generatedID_isNotNull" classname="com.mycompany.chatapp.MessageTest" time="0.002"/>
  <testcase name="testCheckMessageLength_exactlyAtLimit_returnsSuccess" classname="com.mycompany.chatapp.MessageTest" time="0.002"/>
  <testcase name="testCreateMessageHash_correctFormat_endsWithExpectedWords" classname="com.mycompany.chatapp.MessageTest" time="0.002"/>
  <testcase name="testSentMessage_userSelectsStore_returnsCorrectString" classname="com.mycompany.chatapp.MessageTest" time="0.002"/>
  <testcase name="testCheckMessageLength_over250chars_returnFailureWithCount" classname="com.mycompany.chatapp.MessageTest" time="0.009"/>
  <testcase name="testCheckMessageLength_oneOver_returnsFailureWithCountOf1" classname="com.mycompany.chatapp.MessageTest" time="0.002"/>
</testsuite>